#0 building with "desktop-linux" instance using docker driver

#1 [internal] load build definition from Dockerfile
#1 transferring dockerfile: 657B 0.0s done
#1 DONE 0.0s

#2 [internal] load metadata for docker.io/library/php:8.2-apache
#2 DONE 0.4s

#3 [internal] load .dockerignore
#3 transferring context: 119B done
#3 DONE 0.0s

#4 [1/8] FROM docker.io/library/php:8.2-apache@sha256:affc043fbd9acaa9a6394a71d162726fc0a6e4bea0400a3b94f925b6130858dd
#4 resolve docker.io/library/php:8.2-apache@sha256:affc043fbd9acaa9a6394a71d162726fc0a6e4bea0400a3b94f925b6130858dd 0.0s done
#4 DONE 0.0s

#5 [2/8] RUN apt-get update     && apt-get install -y --no-install-recommends libcurl4-openssl-dev libsqlite3-dev     && rm -rf /var/lib/apt/lists/*
#5 CACHED

#6 [internal] load build context
#6 transferring context: 1.34kB 0.0s done
#6 DONE 0.0s

#7 [3/8] RUN docker-php-ext-install curl mysqli pdo pdo_mysql sqlite3 pdo_sqlite
#7 1.102 Configuring for:
#7 1.102 PHP Api Version:         20220829
#7 1.102 Zend Module Api No:      20220829
#7 1.102 Zend Extension Api No:   420220829
#7 1.607 checking for grep that handles long lines and -e... /usr/bin/grep
#7 1.609 checking for egrep... /usr/bin/grep -E
#7 1.610 checking for a sed that does not truncate output... /usr/bin/sed
#7 1.634 checking for pkg-config... /usr/bin/pkg-config
#7 1.634 checking pkg-config is at least version 0.9.0... yes
#7 1.635 checking for cc... cc
#7 1.657 checking whether the C compiler works... yes
#7 1.684 checking for C compiler default output file name... a.out
#7 1.685 checking for suffix of executables... 
#7 1.712 checking whether we are cross compiling... no
#7 1.750 checking for suffix of object files... o
#7 1.768 checking whether the compiler supports GNU C... yes
#7 1.783 checking whether cc accepts -g... yes
#7 1.800 checking for cc option to enable C11 features... none needed
#7 1.836 checking how to run the C preprocessor... cc -E
#7 1.879 checking for egrep -e... (cached) /usr/bin/grep -E
#7 1.879 checking for icc... no
#7 1.887 checking for suncc... no
#7 1.895 checking for system library directory... lib
#7 1.895 checking if compiler supports -Wl,-rpath,... yes
#7 1.929 checking build system type... x86_64-pc-linux-gnu
#7 1.934 checking host system type... x86_64-pc-linux-gnu
#7 1.934 checking target system type... x86_64-pc-linux-gnu
#7 1.968 checking for PHP prefix... /usr/local
#7 1.968 checking for PHP includes... -I/usr/local/include/php -I/usr/local/include/php/main -I/usr/local/include/php/TSRM -I/usr/local/include/php/Zend -I/usr/local/include/php/ext -I/usr/local/include/php/ext/date/lib
#7 1.968 checking for PHP extension directory... /usr/local/lib/php/extensions/no-debug-non-zts-20220829
#7 1.968 checking for PHP installed headers prefix... /usr/local/include/php
#7 1.968 checking if debug is enabled... no
#7 1.981 checking if zts is enabled... no
#7 1.994 checking for gawk... no
#7 1.994 checking for nawk... nawk
#7 1.994 checking if nawk is broken... no
#7 1.995 checking for cURL support... yes, shared
#7 1.997 checking for libcurl >= 7.29.0... yes
#7 2.019 checking for SSL support in libcurl... yes
#7 2.019 checking for libcurl linked against old openssl... checking for stdio.h... yes
#7 2.034 checking for stdlib.h... yes
#7 2.052 checking for string.h... yes
#7 2.070 checking for inttypes.h... yes
#7 2.089 checking for stdint.h... yes
#7 2.108 checking for strings.h... yes
#7 2.128 checking for sys/stat.h... yes
#7 2.147 checking for sys/types.h... yes
#7 2.165 checking for unistd.h... yes
#7 2.227 no
#7 2.230 checking for curl_easy_perform in -lcurl... yes
#7 2.300 checking for a sed that does not truncate output... /usr/bin/sed
#7 2.303 checking for ld used by cc... /usr/bin/ld
#7 2.307 checking if the linker (/usr/bin/ld) is GNU ld... yes
#7 2.310 checking for /usr/bin/ld option to reload object files... -r
#7 2.310 checking for BSD-compatible nm... /usr/bin/nm -B
#7 2.312 checking whether ln -s works... yes
#7 2.312 checking how to recognize dependent libraries... pass_all
#7 2.325 checking for dlfcn.h... yes
#7 2.346 checking the maximum length of command line arguments... 1572864
#7 2.350 checking command to parse /usr/bin/nm -B output from cc object... ok
#7 2.403 checking for objdir... .libs
#7 2.407 checking for ar... ar
#7 2.407 checking for ranlib... ranlib
#7 2.408 checking for strip... strip
#7 2.452 checking if cc supports -fno-rtti -fno-exceptions... no
#7 2.469 checking for cc option to produce PIC... -fPIC
#7 2.469 checking if cc PIC flag -fPIC works... yes
#7 2.485 checking if cc static flag -static works... yes
#7 2.532 checking if cc supports -c -o file.o... yes
#7 2.555 checking whether the cc linker (/usr/bin/ld -m elf_x86_64) supports shared libraries... yes
#7 2.567 checking whether -lc should be explicitly linked in... no
#7 2.588 checking dynamic linker characteristics... GNU/Linux ld.so
#7 2.602 checking how to hardcode library paths into programs... immediate
#7 2.602 checking whether stripping libraries is possible... yes
#7 2.604 checking if libtool supports shared libraries... yes
#7 2.604 checking whether to build shared libraries... yes
#7 2.604 checking whether to build static libraries... no
#7 2.738 
#7 2.738 creating libtool
#7 2.754 appending configuration tag "CXX" to libtool
#7 2.806 configure: patching config.h.in
#7 2.809 configure: creating ./config.status
#7 2.852 config.status: creating config.h
#7 2.881 /bin/bash /usr/src/php/ext/curl/libtool --tag=CC --mode=compile cc -I. -I/usr/src/php/ext/curl -I/usr/src/php/ext/curl/include -I/usr/src/php/ext/curl/main -I/usr/src/php/ext/curl -I/usr/local/include/php -I/usr/local/include/php/main -I/usr/local/include/php/TSRM -I/usr/local/include/php/Zend -I/usr/local/include/php/ext -I/usr/local/include/php/ext/date/lib -I/usr/include/x86_64-linux-gnu -I/usr/include/p11-kit-1  -fstack-protector-strong -fpic -fpie -O2 -D_LARGEFILE_SOURCE -D_FILE_OFFSET_BITS=64 -DHAVE_CONFIG_H  -fstack-protector-strong -fpic -fpie -O2 -D_LARGEFILE_SOURCE -D_FILE_OFFSET_BITS=64 -D_GNU_SOURCE    -DZEND_COMPILE_DL_EXT=1 -c /usr/src/php/ext/curl/interface.c -o interface.lo  -MMD -MF interface.dep -MT interface.lo
#7 2.962 mkdir .libs
#7 2.964  cc -I. -I/usr/src/php/ext/curl -I/usr/src/php/ext/curl/include -I/usr/src/php/ext/curl/main -I/usr/src/php/ext/curl -I/usr/local/include/php -I/usr/local/include/php/main -I/usr/local/include/php/TSRM -I/usr/local/include/php/Zend -I/usr/local/include/php/ext -I/usr/local/include/php/ext/date/lib -I/usr/include/x86_64-linux-gnu -I/usr/include/p11-kit-1 -fstack-protector-strong -fpic -fpie -O2 -D_LARGEFILE_SOURCE -D_FILE_OFFSET_BITS=64 -DHAVE_CONFIG_H -fstack-protector-strong -fpic -fpie -O2 -D_LARGEFILE_SOURCE -D_FILE_OFFSET_BITS=64 -D_GNU_SOURCE -DZEND_COMPILE_DL_EXT=1 -c /usr/src/php/ext/curl/interface.c -MMD -MF interface.dep -MT interface.lo  -fPIC -DPIC -o .libs/interface.o
#7 3.629 In file included from /usr/src/php/ext/curl/interface.c:34:
#7 3.629 In function 'php_curl_option_url',
#7 3.629     inlined from '_php_curl_setopt' at /usr/src/php/ext/curl/interface.c:1964:22:
#7 3.629 /usr/src/php/ext/curl/interface.c:123:17: warning: call to '_curl_easy_setopt_err_long' declared with attribute warning: curl_easy_setopt expects a long argument [-Wattribute-warning]
#7 3.629   123 |                 curl_easy_setopt(ch->cp, CURLOPT_PROTOCOLS, CURLPROTO_ALL & ~CURLPROTO_FILE);
#7 3.629       |                 ^~~~~~~~~~~~~~~~
#7 3.754 In function 'php_curl_option_url',
#7 3.754     inlined from 'zif_curl_init' at /usr/src/php/ext/curl/interface.c:1146:7:
#7 3.754 /usr/src/php/ext/curl/interface.c:123:17: warning: call to '_curl_easy_setopt_err_long' declared with attribute warning: curl_easy_setopt expects a long argument [-Wattribute-warning]
#7 3.754   123 |                 curl_easy_setopt(ch->cp, CURLOPT_PROTOCOLS, CURLPROTO_ALL & ~CURLPROTO_FILE);
#7 3.754       |                 ^~~~~~~~~~~~~~~~
#7 3.804 /bin/bash /usr/src/php/ext/curl/libtool --tag=CC --mode=compile cc -I. -I/usr/src/php/ext/curl -I/usr/src/php/ext/curl/include -I/usr/src/php/ext/curl/main -I/usr/src/php/ext/curl -I/usr/local/include/php -I/usr/local/include/php/main -I/usr/local/include/php/TSRM -I/usr/local/include/php/Zend -I/usr/local/include/php/ext -I/usr/local/include/php/ext/date/lib -I/usr/include/x86_64-linux-gnu -I/usr/include/p11-kit-1  -fstack-protector-strong -fpic -fpie -O2 -D_LARGEFILE_SOURCE -D_FILE_OFFSET_BITS=64 -DHAVE_CONFIG_H  -fstack-protector-strong -fpic -fpie -O2 -D_LARGEFILE_SOURCE -D_FILE_OFFSET_BITS=64 -D_GNU_SOURCE    -DZEND_COMPILE_DL_EXT=1 -c /usr/src/php/ext/curl/multi.c -o multi.lo  -MMD -MF multi.dep -MT multi.lo
#7 3.882  cc -I. -I/usr/src/php/ext/curl -I/usr/src/php/ext/curl/include -I/usr/src/php/ext/curl/main -I/usr/src/php/ext/curl -I/usr/local/include/php -I/usr/local/include/php/main -I/usr/local/include/php/TSRM -I/usr/local/include/php/Zend -I/usr/local/include/php/ext -I/usr/local/include/php/ext/date/lib -I/usr/include/x86_64-linux-gnu -I/usr/include/p11-kit-1 -fstack-protector-strong -fpic -fpie -O2 -D_LARGEFILE_SOURCE -D_FILE_OFFSET_BITS=64 -DHAVE_CONFIG_H -fstack-protector-strong -fpic -fpie -O2 -D_LARGEFILE_SOURCE -D_FILE_OFFSET_BITS=64 -D_GNU_SOURCE -DZEND_COMPILE_DL_EXT=1 -c /usr/src/php/ext/curl/multi.c -MMD -MF multi.dep -MT multi.lo  -fPIC -DPIC -o .libs/multi.o
#7 4.113 /bin/bash /usr/src/php/ext/curl/libtool --tag=CC --mode=compile cc -I. -I/usr/src/php/ext/curl -I/usr/src/php/ext/curl/include -I/usr/src/php/ext/curl/main -I/usr/src/php/ext/curl -I/usr/local/include/php -I/usr/local/include/php/main -I/usr/local/include/php/TSRM -I/usr/local/include/php/Zend -I/usr/local/include/php/ext -I/usr/local/include/php/ext/date/lib -I/usr/include/x86_64-linux-gnu -I/usr/include/p11-kit-1  -fstack-protector-strong -fpic -fpie -O2 -D_LARGEFILE_SOURCE -D_FILE_OFFSET_BITS=64 -DHAVE_CONFIG_H  -fstack-protector-strong -fpic -fpie -O2 -D_LARGEFILE_SOURCE -D_FILE_OFFSET_BITS=64 -D_GNU_SOURCE    -DZEND_COMPILE_DL_EXT=1 -c /usr/src/php/ext/curl/share.c -o share.lo  -MMD -MF share.dep -MT share.lo
#7 4.210  cc -I. -I/usr/src/php/ext/curl -I/usr/src/php/ext/curl/include -I/usr/src/php/ext/curl/main -I/usr/src/php/ext/curl -I/usr/local/include/php -I/usr/local/include/php/main -I/usr/local/include/php/TSRM -I/usr/local/include/php/Zend -I/usr/local/include/php/ext -I/usr/local/include/php/ext/date/lib -I/usr/include/x86_64-linux-gnu -I/usr/include/p11-kit-1 -fstack-protector-strong -fpic -fpie -O2 -D_LARGEFILE_SOURCE -D_FILE_OFFSET_BITS=64 -DHAVE_CONFIG_H -fstack-protector-strong -fpic -fpie -O2 -D_LARGEFILE_SOURCE -D_FILE_OFFSET_BITS=64 -D_GNU_SOURCE -DZEND_COMPILE_DL_EXT=1 -c /usr/src/php/ext/curl/share.c -MMD -MF share.dep -MT share.lo  -fPIC -DPIC -o .libs/share.o
#7 4.355 /bin/bash /usr/src/php/ext/curl/libtool --tag=CC --mode=compile cc -I. -I/usr/src/php/ext/curl -I/usr/src/php/ext/curl/include -I/usr/src/php/ext/curl/main -I/usr/src/php/ext/curl -I/usr/local/include/php -I/usr/local/include/php/main -I/usr/local/include/php/TSRM -I/usr/local/include/php/Zend -I/usr/local/include/php/ext -I/usr/local/include/php/ext/date/lib -I/usr/include/x86_64-linux-gnu -I/usr/include/p11-kit-1  -fstack-protector-strong -fpic -fpie -O2 -D_LARGEFILE_SOURCE -D_FILE_OFFSET_BITS=64 -DHAVE_CONFIG_H  -fstack-protector-strong -fpic -fpie -O2 -D_LARGEFILE_SOURCE -D_FILE_OFFSET_BITS=64 -D_GNU_SOURCE    -DZEND_COMPILE_DL_EXT=1 -c /usr/src/php/ext/curl/curl_file.c -o curl_file.lo  -MMD -MF curl_file.dep -MT curl_file.lo
#7 4.453  cc -I. -I/usr/src/php/ext/curl -I/usr/src/php/ext/curl/include -I/usr/src/php/ext/curl/main -I/usr/src/php/ext/curl -I/usr/local/include/php -I/usr/local/include/php/main -I/usr/local/include/php/TSRM -I/usr/local/include/php/Zend -I/usr/local/include/php/ext -I/usr/local/include/php/ext/date/lib -I/usr/include/x86_64-linux-gnu -I/usr/include/p11-kit-1 -fstack-protector-strong -fpic -fpie -O2 -D_LARGEFILE_SOURCE -D_FILE_OFFSET_BITS=64 -DHAVE_CONFIG_H -fstack-protector-strong -fpic -fpie -O2 -D_LARGEFILE_SOURCE -D_FILE_OFFSET_BITS=64 -D_GNU_SOURCE -DZEND_COMPILE_DL_EXT=1 -c /usr/src/php/ext/curl/curl_file.c -MMD -MF curl_file.dep -MT curl_file.lo  -fPIC -DPIC -o .libs/curl_file.o
#7 4.608 /bin/bash /usr/src/php/ext/curl/libtool --tag=CC --mode=link cc -shared -I/usr/src/php/ext/curl/include -I/usr/src/php/ext/curl/main -I/usr/src/php/ext/curl -I/usr/local/include/php -I/usr/local/include/php/main -I/usr/local/include/php/TSRM -I/usr/local/include/php/Zend -I/usr/local/include/php/ext -I/usr/local/include/php/ext/date/lib -I/usr/include/x86_64-linux-gnu -I/usr/include/p11-kit-1  -fstack-protector-strong -fpic -fpie -O2 -D_LARGEFILE_SOURCE -D_FILE_OFFSET_BITS=64 -DHAVE_CONFIG_H  -fstack-protector-strong -fpic -fpie -O2 -D_LARGEFILE_SOURCE -D_FILE_OFFSET_BITS=64 -D_GNU_SOURCE  -Wl,-O1 -pie  -o curl.la -export-dynamic -avoid-version -prefer-pic -module -rpath /usr/src/php/ext/curl/modules  interface.lo multi.lo share.lo curl_file.lo -lcurl
#7 4.718 cc -shared  .libs/interface.o .libs/multi.o .libs/share.o .libs/curl_file.o  -lcurl  -Wl,-O1 -Wl,-soname -Wl,curl.so -o .libs/curl.so
#7 4.740 creating curl.la
#7 4.749 (cd .libs && rm -f curl.la && ln -s ../curl.la curl.la)
#7 4.752 /bin/bash /usr/src/php/ext/curl/libtool --tag=CC --mode=install cp ./curl.la /usr/src/php/ext/curl/modules
#7 4.782 cp ./.libs/curl.so /usr/src/php/ext/curl/modules/curl.so
#7 4.785 cp ./.libs/curl.lai /usr/src/php/ext/curl/modules/curl.la
#7 4.804 PATH="$PATH:/sbin" ldconfig -n /usr/src/php/ext/curl/modules
#7 4.806 ----------------------------------------------------------------------
#7 4.806 Libraries have been installed in:
#7 4.806    /usr/src/php/ext/curl/modules
#7 4.806 
#7 4.806 If you ever happen to want to link against installed libraries
#7 4.806 in a given directory, LIBDIR, you must either use libtool, and
#7 4.806 specify the full pathname of the library, or use the `-LLIBDIR'
#7 4.806 flag during linking and do at least one of the following:
#7 4.806    - add LIBDIR to the `LD_LIBRARY_PATH' environment variable
#7 4.806      during execution
#7 4.806    - add LIBDIR to the `LD_RUN_PATH' environment variable
#7 4.806      during linking
#7 4.806    - use the `-Wl,--rpath -Wl,LIBDIR' linker flag
#7 4.806    - have your system administrator add LIBDIR to `/etc/ld.so.conf'
#7 4.806 
#7 4.806 See any operating system documentation about shared libraries for
#7 4.806 more information, such as the ld(1) and ld.so(8) manual pages.
#7 4.808 ----------------------------------------------------------------------
#7 4.810 
#7 4.811 Build complete.
#7 4.812 Don't forget to run 'make test'.
#7 4.813 
#7 4.827 + strip --strip-all modules/curl.so
#7 4.852 Installing shared extensions:     /usr/local/lib/php/extensions/no-debug-non-zts-20220829/
#7 4.939 Installing header files:          /usr/local/include/php/
#7 5.005 
#7 5.005 warning: curl (curl) is already loaded!
#7 5.005 
#7 5.007 find . -name \*.gcno -o -name \*.gcda | xargs rm -f
#7 5.011 find . -name \*.lo -o -name \*.o -o -name \*.dep | xargs rm -f
#7 5.015 find . -name \*.la -o -name \*.a | xargs rm -f
#7 5.019 find . -name \*.so | xargs rm -f
#7 5.023 find . -name .libs -a -type d|xargs rm -rf
#7 5.027 rm -f libphp.la      modules/* libs/*
#7 5.028 rm -f ext/opcache/jit/zend_jit_x86.c
#7 5.030 rm -f ext/opcache/jit/zend_jit_arm64.c
#7 5.031 rm -f ext/opcache/minilua
#7 5.055 Configuring for:
#7 5.055 PHP Api Version:         20220829
#7 5.055 Zend Module Api No:      20220829
#7 5.055 Zend Extension Api No:   420220829
#7 5.934 checking for grep that handles long lines and -e... /usr/bin/grep
#7 5.936 checking for egrep... /usr/bin/grep -E
#7 5.937 checking for a sed that does not truncate output... /usr/bin/sed
#7 5.961 checking for pkg-config... /usr/bin/pkg-config
#7 5.961 checking pkg-config is at least version 0.9.0... yes
#7 5.962 checking for cc... cc
#7 5.986 checking whether the C compiler works... yes
#7 6.015 checking for C compiler default output file name... a.out
#7 6.016 checking for suffix of executables... 
#7 6.045 checking whether we are cross compiling... no
#7 6.078 checking for suffix of object files... o
#7 6.096 checking whether the compiler supports GNU C... yes
#7 6.112 checking whether cc accepts -g... yes
#7 6.128 checking for cc option to enable C11 features... none needed
#7 6.163 checking how to run the C preprocessor... cc -E
#7 6.207 checking for egrep -e... (cached) /usr/bin/grep -E
#7 6.207 checking for icc... no
#7 6.215 checking for suncc... no
#7 6.223 checking for system library directory... lib
#7 6.223 checking if compiler supports -Wl,-rpath,... yes
#7 6.258 checking build system type... x86_64-pc-linux-gnu
#7 6.262 checking host system type... x86_64-pc-linux-gnu
#7 6.262 checking target system type... x86_64-pc-linux-gnu
#7 6.296 checking for PHP prefix... /usr/local
#7 6.296 checking for PHP includes... -I/usr/local/include/php -I/usr/local/include/php/main -I/usr/local/include/php/TSRM -I/usr/local/include/php/Zend -I/usr/local/include/php/ext -I/usr/local/include/php/ext/date/lib
#7 6.296 checking for PHP extension directory... /usr/local/lib/php/extensions/no-debug-non-zts-20220829
#7 6.296 checking for PHP installed headers prefix... /usr/local/include/php
#7 6.296 checking if debug is enabled... no
#7 6.309 checking if zts is enabled... no
#7 6.322 checking for gawk... no
#7 6.322 checking for nawk... nawk
#7 6.322 checking if nawk is broken... no
#7 6.324 checking for MySQLi support... yes, shared
#7 6.324 checking for specified location of the MySQL UNIX socket... no
#7 6.325 checking for MySQL UNIX socket location... no
#7 6.342 checking for a sed that does not truncate output... /usr/bin/sed
#7 6.345 checking for ld used by cc... /usr/bin/ld
#7 6.350 checking if the linker (/usr/bin/ld) is GNU ld... yes
#7 6.352 checking for /usr/bin/ld option to reload object files... -r
#7 6.352 checking for BSD-compatible nm... /usr/bin/nm -B
#7 6.354 checking whether ln -s works... yes
#7 6.354 checking how to recognize dependent libraries... pass_all
#7 6.367 checking for stdio.h... yes
#7 6.382 checking for stdlib.h... yes
#7 6.400 checking for string.h... yes
#7 6.420 checking for inttypes.h... yes
#7 6.442 checking for stdint.h... yes
#7 6.462 checking for strings.h... yes
#7 6.482 checking for sys/stat.h... yes
#7 6.502 checking for sys/types.h... yes
#7 6.521 checking for unistd.h... yes
#7 6.542 checking for dlfcn.h... yes
#7 6.563 checking the maximum length of command line arguments... 1572864
#7 6.567 checking command to parse /usr/bin/nm -B output from cc object... ok
#7 6.619 checking for objdir... .libs
#7 6.622 checking for ar... ar
#7 6.622 checking for ranlib... ranlib
#7 6.623 checking for strip... strip
#7 6.664 checking if cc supports -fno-rtti -fno-exceptions... no
#7 6.681 checking for cc option to produce PIC... -fPIC
#7 6.681 checking if cc PIC flag -fPIC works... yes
#7 6.697 checking if cc static flag -static works... yes
#7 6.743 checking if cc supports -c -o file.o... yes
#7 6.766 checking whether the cc linker (/usr/bin/ld -m elf_x86_64) supports shared libraries... yes
#7 6.779 checking whether -lc should be explicitly linked in... no
#7 6.802 checking dynamic linker characteristics... GNU/Linux ld.so
#7 6.817 checking how to hardcode library paths into programs... immediate
#7 6.817 checking whether stripping libraries is possible... yes
#7 6.819 checking if libtool supports shared libraries... yes
#7 6.819 checking whether to build shared libraries... yes
#7 6.819 checking whether to build static libraries... no
#7 6.962 
#7 6.962 creating libtool
#7 6.980 appending configuration tag "CXX" to libtool
#7 7.039 configure: patching config.h.in
#7 7.043 configure: creating ./config.status
#7 7.092 config.status: creating config.h
#7 7.125 /bin/bash /usr/src/php/ext/mysqli/libtool --tag=CC --mode=compile cc -I. -I/usr/src/php/ext/mysqli -I/usr/src/php/ext/mysqli/include -I/usr/src/php/ext/mysqli/main -I/usr/src/php/ext/mysqli -I/usr/local/include/php -I/usr/local/include/php/main -I/usr/local/include/php/TSRM -I/usr/local/include/php/Zend -I/usr/local/include/php/ext -I/usr/local/include/php/ext/date/lib  -fstack-protector-strong -fpic -fpie -O2 -D_LARGEFILE_SOURCE -D_FILE_OFFSET_BITS=64 -DHAVE_CONFIG_H  -fstack-protector-strong -fpic -fpie -O2 -D_LARGEFILE_SOURCE -D_FILE_OFFSET_BITS=64 -D_GNU_SOURCE   -DZEND_ENABLE_STATIC_TSRMLS_CACHE=1 -DZEND_COMPILE_DL_EXT=1 -c /usr/src/php/ext/mysqli/mysqli.c -o mysqli.lo  -MMD -MF mysqli.dep -MT mysqli.lo
#7 7.214 mkdir .libs
#7 7.216  cc -I. -I/usr/src/php/ext/mysqli -I/usr/src/php/ext/mysqli/include -I/usr/src/php/ext/mysqli/main -I/usr/src/php/ext/mysqli -I/usr/local/include/php -I/usr/local/include/php/main -I/usr/local/include/php/TSRM -I/usr/local/include/php/Zend -I/usr/local/include/php/ext -I/usr/local/include/php/ext/date/lib -fstack-protector-strong -fpic -fpie -O2 -D_LARGEFILE_SOURCE -D_FILE_OFFSET_BITS=64 -DHAVE_CONFIG_H -fstack-protector-strong -fpic -fpie -O2 -D_LARGEFILE_SOURCE -D_FILE_OFFSET_BITS=64 -D_GNU_SOURCE -DZEND_ENABLE_STATIC_TSRMLS_CACHE=1 -DZEND_COMPILE_DL_EXT=1 -c /usr/src/php/ext/mysqli/mysqli.c -MMD -MF mysqli.dep -MT mysqli.lo  -fPIC -DPIC -o .libs/mysqli.o
#7 7.642 /bin/bash /usr/src/php/ext/mysqli/libtool --tag=CC --mode=compile cc -I. -I/usr/src/php/ext/mysqli -I/usr/src/php/ext/mysqli/include -I/usr/src/php/ext/mysqli/main -I/usr/src/php/ext/mysqli -I/usr/local/include/php -I/usr/local/include/php/main -I/usr/local/include/php/TSRM -I/usr/local/include/php/Zend -I/usr/local/include/php/ext -I/usr/local/include/php/ext/date/lib  -fstack-protector-strong -fpic -fpie -O2 -D_LARGEFILE_SOURCE -D_FILE_OFFSET_BITS=64 -DHAVE_CONFIG_H  -fstack-protector-strong -fpic -fpie -O2 -D_LARGEFILE_SOURCE -D_FILE_OFFSET_BITS=64 -D_GNU_SOURCE   -DZEND_ENABLE_STATIC_TSRMLS_CACHE=1 -DZEND_COMPILE_DL_EXT=1 -c /usr/src/php/ext/mysqli/mysqli_api.c -o mysqli_api.lo  -MMD -MF mysqli_api.dep -MT mysqli_api.lo
#7 7.725  cc -I. -I/usr/src/php/ext/mysqli -I/usr/src/php/ext/mysqli/include -I/usr/src/php/ext/mysqli/main -I/usr/src/php/ext/mysqli -I/usr/local/include/php -I/usr/local/include/php/main -I/usr/local/include/php/TSRM -I/usr/local/include/php/Zend -I/usr/local/include/php/ext -I/usr/local/include/php/ext/date/lib -fstack-protector-strong -fpic -fpie -O2 -D_LARGEFILE_SOURCE -D_FILE_OFFSET_BITS=64 -DHAVE_CONFIG_H -fstack-protector-strong -fpic -fpie -O2 -D_LARGEFILE_SOURCE -D_FILE_OFFSET_BITS=64 -D_GNU_SOURCE -DZEND_ENABLE_STATIC_TSRMLS_CACHE=1 -DZEND_COMPILE_DL_EXT=1 -c /usr/src/php/ext/mysqli/mysqli_api.c -MMD -MF mysqli_api.dep -MT mysqli_api.lo  -fPIC -DPIC -o .libs/mysqli_api.o
#7 8.483 /bin/bash /usr/src/php/ext/mysqli/libtool --tag=CC --mode=compile cc -I. -I/usr/src/php/ext/mysqli -I/usr/src/php/ext/mysqli/include -I/usr/src/php/ext/mysqli/main -I/usr/src/php/ext/mysqli -I/usr/local/include/php -I/usr/local/include/php/main -I/usr/local/include/php/TSRM -I/usr/local/include/php/Zend -I/usr/local/include/php/ext -I/usr/local/include/php/ext/date/lib  -fstack-protector-strong -fpic -fpie -O2 -D_LARGEFILE_SOURCE -D_FILE_OFFSET_BITS=64 -DHAVE_CONFIG_H  -fstack-protector-strong -fpic -fpie -O2 -D_LARGEFILE_SOURCE -D_FILE_OFFSET_BITS=64 -D_GNU_SOURCE   -DZEND_ENABLE_STATIC_TSRMLS_CACHE=1 -DZEND_COMPILE_DL_EXT=1 -c /usr/src/php/ext/mysqli/mysqli_prop.c -o mysqli_prop.lo  -MMD -MF mysqli_prop.dep -MT mysqli_prop.lo
#7 8.560  cc -I. -I/usr/src/php/ext/mysqli -I/usr/src/php/ext/mysqli/include -I/usr/src/php/ext/mysqli/main -I/usr/src/php/ext/mysqli -I/usr/local/include/php -I/usr/local/include/php/main -I/usr/local/include/php/TSRM -I/usr/local/include/php/Zend -I/usr/local/include/php/ext -I/usr/local/include/php/ext/date/lib -fstack-protector-strong -fpic -fpie -O2 -D_LARGEFILE_SOURCE -D_FILE_OFFSET_BITS=64 -DHAVE_CONFIG_H -fstack-protector-strong -fpic -fpie -O2 -D_LARGEFILE_SOURCE -D_FILE_OFFSET_BITS=64 -D_GNU_SOURCE -DZEND_ENABLE_STATIC_TSRMLS_CACHE=1 -DZEND_COMPILE_DL_EXT=1 -c /usr/src/php/ext/mysqli/mysqli_prop.c -MMD -MF mysqli_prop.dep -MT mysqli_prop.lo  -fPIC -DPIC -o .libs/mysqli_prop.o
#7 8.814 /bin/bash /usr/src/php/ext/mysqli/libtool --tag=CC --mode=compile cc -I. -I/usr/src/php/ext/mysqli -I/usr/src/php/ext/mysqli/include -I/usr/src/php/ext/mysqli/main -I/usr/src/php/ext/mysqli -I/usr/local/include/php -I/usr/local/include/php/main -I/usr/local/include/php/TSRM -I/usr/local/include/php/Zend -I/usr/local/include/php/ext -I/usr/local/include/php/ext/date/lib  -fstack-protector-strong -fpic -fpie -O2 -D_LARGEFILE_SOURCE -D_FILE_OFFSET_BITS=64 -DHAVE_CONFIG_H  -fstack-protector-strong -fpic -fpie -O2 -D_LARGEFILE_SOURCE -D_FILE_OFFSET_BITS=64 -D_GNU_SOURCE   -DZEND_ENABLE_STATIC_TSRMLS_CACHE=1 -DZEND_COMPILE_DL_EXT=1 -c /usr/src/php/ext/mysqli/mysqli_nonapi.c -o mysqli_nonapi.lo  -MMD -MF mysqli_nonapi.dep -MT mysqli_nonapi.lo
#7 8.895  cc -I. -I/usr/src/php/ext/mysqli -I/usr/src/php/ext/mysqli/include -I/usr/src/php/ext/mysqli/main -I/usr/src/php/ext/mysqli -I/usr/local/include/php -I/usr/local/include/php/main -I/usr/local/include/php/TSRM -I/usr/local/include/php/Zend -I/usr/local/include/php/ext -I/usr/local/include/php/ext/date/lib -fstack-protector-strong -fpic -fpie -O2 -D_LARGEFILE_SOURCE -D_FILE_OFFSET_BITS=64 -DHAVE_CONFIG_H -fstack-protector-strong -fpic -fpie -O2 -D_LARGEFILE_SOURCE -D_FILE_OFFSET_BITS=64 -D_GNU_SOURCE -DZEND_ENABLE_STATIC_TSRMLS_CACHE=1 -DZEND_COMPILE_DL_EXT=1 -c /usr/src/php/ext/mysqli/mysqli_nonapi.c -MMD -MF mysqli_nonapi.dep -MT mysqli_nonapi.lo  -fPIC -DPIC -o .libs/mysqli_nonapi.o
#7 9.281 /bin/bash /usr/src/php/ext/mysqli/libtool --tag=CC --mode=compile cc -I. -I/usr/src/php/ext/mysqli -I/usr/src/php/ext/mysqli/include -I/usr/src/php/ext/mysqli/main -I/usr/src/php/ext/mysqli -I/usr/local/include/php -I/usr/local/include/php/main -I/usr/local/include/php/TSRM -I/usr/local/include/php/Zend -I/usr/local/include/php/ext -I/usr/local/include/php/ext/date/lib  -fstack-protector-strong -fpic -fpie -O2 -D_LARGEFILE_SOURCE -D_FILE_OFFSET_BITS=64 -DHAVE_CONFIG_H  -fstack-protector-strong -fpic -fpie -O2 -D_LARGEFILE_SOURCE -D_FILE_OFFSET_BITS=64 -D_GNU_SOURCE   -DZEND_ENABLE_STATIC_TSRMLS_CACHE=1 -DZEND_COMPILE_DL_EXT=1 -c /usr/src/php/ext/mysqli/mysqli_report.c -o mysqli_report.lo  -MMD -MF mysqli_report.dep -MT mysqli_report.lo
#7 9.359  cc -I. -I/usr/src/php/ext/mysqli -I/usr/src/php/ext/mysqli/include -I/usr/src/php/ext/mysqli/main -I/usr/src/php/ext/mysqli -I/usr/local/include/php -I/usr/local/include/php/main -I/usr/local/include/php/TSRM -I/usr/local/include/php/Zend -I/usr/local/include/php/ext -I/usr/local/include/php/ext/date/lib -fstack-protector-strong -fpic -fpie -O2 -D_LARGEFILE_SOURCE -D_FILE_OFFSET_BITS=64 -DHAVE_CONFIG_H -fstack-protector-strong -fpic -fpie -O2 -D_LARGEFILE_SOURCE -D_FILE_OFFSET_BITS=64 -D_GNU_SOURCE -DZEND_ENABLE_STATIC_TSRMLS_CACHE=1 -DZEND_COMPILE_DL_EXT=1 -c /usr/src/php/ext/mysqli/mysqli_report.c -MMD -MF mysqli_report.dep -MT mysqli_report.lo  -fPIC -DPIC -o .libs/mysqli_report.o
#7 9.481 /bin/bash /usr/src/php/ext/mysqli/libtool --tag=CC --mode=compile cc -I. -I/usr/src/php/ext/mysqli -I/usr/src/php/ext/mysqli/include -I/usr/src/php/ext/mysqli/main -I/usr/src/php/ext/mysqli -I/usr/local/include/php -I/usr/local/include/php/main -I/usr/local/include/php/TSRM -I/usr/local/include/php/Zend -I/usr/local/include/php/ext -I/usr/local/include/php/ext/date/lib  -fstack-protector-strong -fpic -fpie -O2 -D_LARGEFILE_SOURCE -D_FILE_OFFSET_BITS=64 -DHAVE_CONFIG_H  -fstack-protector-strong -fpic -fpie -O2 -D_LARGEFILE_SOURCE -D_FILE_OFFSET_BITS=64 -D_GNU_SOURCE   -DZEND_ENABLE_STATIC_TSRMLS_CACHE=1 -DZEND_COMPILE_DL_EXT=1 -c /usr/src/php/ext/mysqli/mysqli_driver.c -o mysqli_driver.lo  -MMD -MF mysqli_driver.dep -MT mysqli_driver.lo
#7 9.565  cc -I. -I/usr/src/php/ext/mysqli -I/usr/src/php/ext/mysqli/include -I/usr/src/php/ext/mysqli/main -I/usr/src/php/ext/mysqli -I/usr/local/include/php -I/usr/local/include/php/main -I/usr/local/include/php/TSRM -I/usr/local/include/php/Zend -I/usr/local/include/php/ext -I/usr/local/include/php/ext/date/lib -fstack-protector-strong -fpic -fpie -O2 -D_LARGEFILE_SOURCE -D_FILE_OFFSET_BITS=64 -DHAVE_CONFIG_H -fstack-protector-strong -fpic -fpie -O2 -D_LARGEFILE_SOURCE -D_FILE_OFFSET_BITS=64 -D_GNU_SOURCE -DZEND_ENABLE_STATIC_TSRMLS_CACHE=1 -DZEND_COMPILE_DL_EXT=1 -c /usr/src/php/ext/mysqli/mysqli_driver.c -MMD -MF mysqli_driver.dep -MT mysqli_driver.lo  -fPIC -DPIC -o .libs/mysqli_driver.o
#7 9.697 /bin/bash /usr/src/php/ext/mysqli/libtool --tag=CC --mode=compile cc -I. -I/usr/src/php/ext/mysqli -I/usr/src/php/ext/mysqli/include -I/usr/src/php/ext/mysqli/main -I/usr/src/php/ext/mysqli -I/usr/local/include/php -I/usr/local/include/php/main -I/usr/local/include/php/TSRM -I/usr/local/include/php/Zend -I/usr/local/include/php/ext -I/usr/local/include/php/ext/date/lib  -fstack-protector-strong -fpic -fpie -O2 -D_LARGEFILE_SOURCE -D_FILE_OFFSET_BITS=64 -DHAVE_CONFIG_H  -fstack-protector-strong -fpic -fpie -O2 -D_LARGEFILE_SOURCE -D_FILE_OFFSET_BITS=64 -D_GNU_SOURCE   -DZEND_ENABLE_STATIC_TSRMLS_CACHE=1 -DZEND_COMPILE_DL_EXT=1 -c /usr/src/php/ext/mysqli/mysqli_warning.c -o mysqli_warning.lo  -MMD -MF mysqli_warning.dep -MT mysqli_warning.lo
#7 9.784  cc -I. -I/usr/src/php/ext/mysqli -I/usr/src/php/ext/mysqli/include -I/usr/src/php/ext/mysqli/main -I/usr/src/php/ext/mysqli -I/usr/local/include/php -I/usr/local/include/php/main -I/usr/local/include/php/TSRM -I/usr/local/include/php/Zend -I/usr/local/include/php/ext -I/usr/local/include/php/ext/date/lib -fstack-protector-strong -fpic -fpie -O2 -D_LARGEFILE_SOURCE -D_FILE_OFFSET_BITS=64 -DHAVE_CONFIG_H -fstack-protector-strong -fpic -fpie -O2 -D_LARGEFILE_SOURCE -D_FILE_OFFSET_BITS=64 -D_GNU_SOURCE -DZEND_ENABLE_STATIC_TSRMLS_CACHE=1 -DZEND_COMPILE_DL_EXT=1 -c /usr/src/php/ext/mysqli/mysqli_warning.c -MMD -MF mysqli_warning.dep -MT mysqli_warning.lo  -fPIC -DPIC -o .libs/mysqli_warning.o
#7 9.938 /bin/bash /usr/src/php/ext/mysqli/libtool --tag=CC --mode=compile cc -I. -I/usr/src/php/ext/mysqli -I/usr/src/php/ext/mysqli/include -I/usr/src/php/ext/mysqli/main -I/usr/src/php/ext/mysqli -I/usr/local/include/php -I/usr/local/include/php/main -I/usr/local/include/php/TSRM -I/usr/local/include/php/Zend -I/usr/local/include/php/ext -I/usr/local/include/php/ext/date/lib  -fstack-protector-strong -fpic -fpie -O2 -D_LARGEFILE_SOURCE -D_FILE_OFFSET_BITS=64 -DHAVE_CONFIG_H  -fstack-protector-strong -fpic -fpie -O2 -D_LARGEFILE_SOURCE -D_FILE_OFFSET_BITS=64 -D_GNU_SOURCE   -DZEND_ENABLE_STATIC_TSRMLS_CACHE=1 -DZEND_COMPILE_DL_EXT=1 -c /usr/src/php/ext/mysqli/mysqli_exception.c -o mysqli_exception.lo  -MMD -MF mysqli_exception.dep -MT mysqli_exception.lo
#7 10.02  cc -I. -I/usr/src/php/ext/mysqli -I/usr/src/php/ext/mysqli/include -I/usr/src/php/ext/mysqli/main -I/usr/src/php/ext/mysqli -I/usr/local/include/php -I/usr/local/include/php/main -I/usr/local/include/php/TSRM -I/usr/local/include/php/Zend -I/usr/local/include/php/ext -I/usr/local/include/php/ext/date/lib -fstack-protector-strong -fpic -fpie -O2 -D_LARGEFILE_SOURCE -D_FILE_OFFSET_BITS=64 -DHAVE_CONFIG_H -fstack-protector-strong -fpic -fpie -O2 -D_LARGEFILE_SOURCE -D_FILE_OFFSET_BITS=64 -D_GNU_SOURCE -DZEND_ENABLE_STATIC_TSRMLS_CACHE=1 -DZEND_COMPILE_DL_EXT=1 -c /usr/src/php/ext/mysqli/mysqli_exception.c -MMD -MF mysqli_exception.dep -MT mysqli_exception.lo  -fPIC -DPIC -o .libs/mysqli_exception.o
#7 10.15 /bin/bash /usr/src/php/ext/mysqli/libtool --tag=CC --mode=compile cc -I. -I/usr/src/php/ext/mysqli -I/usr/src/php/ext/mysqli/include -I/usr/src/php/ext/mysqli/main -I/usr/src/php/ext/mysqli -I/usr/local/include/php -I/usr/local/include/php/main -I/usr/local/include/php/TSRM -I/usr/local/include/php/Zend -I/usr/local/include/php/ext -I/usr/local/include/php/ext/date/lib  -fstack-protector-strong -fpic -fpie -O2 -D_LARGEFILE_SOURCE -D_FILE_OFFSET_BITS=64 -DHAVE_CONFIG_H  -fstack-protector-strong -fpic -fpie -O2 -D_LARGEFILE_SOURCE -D_FILE_OFFSET_BITS=64 -D_GNU_SOURCE   -DZEND_ENABLE_STATIC_TSRMLS_CACHE=1 -DZEND_COMPILE_DL_EXT=1 -c /usr/src/php/ext/mysqli/mysqli_result_iterator.c -o mysqli_result_iterator.lo  -MMD -MF mysqli_result_iterator.dep -MT mysqli_result_iterator.lo
#7 10.26  cc -I. -I/usr/src/php/ext/mysqli -I/usr/src/php/ext/mysqli/include -I/usr/src/php/ext/mysqli/main -I/usr/src/php/ext/mysqli -I/usr/local/include/php -I/usr/local/include/php/main -I/usr/local/include/php/TSRM -I/usr/local/include/php/Zend -I/usr/local/include/php/ext -I/usr/local/include/php/ext/date/lib -fstack-protector-strong -fpic -fpie -O2 -D_LARGEFILE_SOURCE -D_FILE_OFFSET_BITS=64 -DHAVE_CONFIG_H -fstack-protector-strong -fpic -fpie -O2 -D_LARGEFILE_SOURCE -D_FILE_OFFSET_BITS=64 -D_GNU_SOURCE -DZEND_ENABLE_STATIC_TSRMLS_CACHE=1 -DZEND_COMPILE_DL_EXT=1 -c /usr/src/php/ext/mysqli/mysqli_result_iterator.c -MMD -MF mysqli_result_iterator.dep -MT mysqli_result_iterator.lo  -fPIC -DPIC -o .libs/mysqli_result_iterator.o
#7 10.37 /bin/bash /usr/src/php/ext/mysqli/libtool --tag=CC --mode=link cc -shared -I/usr/src/php/ext/mysqli/include -I/usr/src/php/ext/mysqli/main -I/usr/src/php/ext/mysqli -I/usr/local/include/php -I/usr/local/include/php/main -I/usr/local/include/php/TSRM -I/usr/local/include/php/Zend -I/usr/local/include/php/ext -I/usr/local/include/php/ext/date/lib  -fstack-protector-strong -fpic -fpie -O2 -D_LARGEFILE_SOURCE -D_FILE_OFFSET_BITS=64 -DHAVE_CONFIG_H  -fstack-protector-strong -fpic -fpie -O2 -D_LARGEFILE_SOURCE -D_FILE_OFFSET_BITS=64 -D_GNU_SOURCE  -Wl,-O1 -pie  -o mysqli.la -export-dynamic -avoid-version -prefer-pic -module -rpath /usr/src/php/ext/mysqli/modules  mysqli.lo mysqli_api.lo mysqli_prop.lo mysqli_nonapi.lo mysqli_report.lo mysqli_driver.lo mysqli_warning.lo mysqli_exception.lo mysqli_result_iterator.lo 
#7 10.50 cc -shared  .libs/mysqli.o .libs/mysqli_api.o .libs/mysqli_prop.o .libs/mysqli_nonapi.o .libs/mysqli_report.o .libs/mysqli_driver.o .libs/mysqli_warning.o .libs/mysqli_exception.o .libs/mysqli_result_iterator.o   -Wl,-O1 -Wl,-soname -Wl,mysqli.so -o .libs/mysqli.so
#7 10.51 creating mysqli.la
#7 10.52 (cd .libs && rm -f mysqli.la && ln -s ../mysqli.la mysqli.la)
#7 10.52 /bin/bash /usr/src/php/ext/mysqli/libtool --tag=CC --mode=install cp ./mysqli.la /usr/src/php/ext/mysqli/modules
#7 10.55 cp ./.libs/mysqli.so /usr/src/php/ext/mysqli/modules/mysqli.so
#7 10.55 cp ./.libs/mysqli.lai /usr/src/php/ext/mysqli/modules/mysqli.la
#7 10.57 PATH="$PATH:/sbin" ldconfig -n /usr/src/php/ext/mysqli/modules
#7 10.57 ----------------------------------------------------------------------
#7 10.57 Libraries have been installed in:
#7 10.57    /usr/src/php/ext/mysqli/modules
#7 10.57 
#7 10.57 If you ever happen to want to link against installed libraries
#7 10.57 in a given directory, LIBDIR, you must either use libtool, and
#7 10.57 specify the full pathname of the library, or use the `-LLIBDIR'
#7 10.57 flag during linking and do at least one of the following:
#7 10.57    - add LIBDIR to the `LD_LIBRARY_PATH' environment variable
#7 10.57      during execution
#7 10.57    - add LIBDIR to the `LD_RUN_PATH' environment variable
#7 10.57      during linking
#7 10.57    - use the `-Wl,--rpath -Wl,LIBDIR' linker flag
#7 10.57    - have your system administrator add LIBDIR to `/etc/ld.so.conf'
#7 10.57 
#7 10.57 See any operating system documentation about shared libraries for
#7 10.57 more information, such as the ld(1) and ld.so(8) manual pages.
#7 10.57 ----------------------------------------------------------------------
#7 10.57 
#7 10.57 Build complete.
#7 10.57 Don't forget to run 'make test'.
#7 10.57 
#7 10.59 + strip --strip-all modules/mysqli.so
#7 10.61 Installing shared extensions:     /usr/local/lib/php/extensions/no-debug-non-zts-20220829/
#7 10.70 Installing header files:          /usr/local/include/php/
#7 10.78 find . -name \*.gcno -o -name \*.gcda | xargs rm -f
#7 10.78 find . -name \*.lo -o -name \*.o -o -name \*.dep | xargs rm -f
#7 10.78 find . -name \*.la -o -name \*.a | xargs rm -f
#7 10.79 find . -name \*.so | xargs rm -f
#7 10.79 find . -name .libs -a -type d|xargs rm -rf
#7 10.79 rm -f libphp.la      modules/* libs/*
#7 10.79 rm -f ext/opcache/jit/zend_jit_x86.c
#7 10.80 rm -f ext/opcache/jit/zend_jit_arm64.c
#7 10.80 rm -f ext/opcache/minilua
#7 10.82 Configuring for:
#7 10.82 PHP Api Version:         20220829
#7 10.82 Zend Module Api No:      20220829
#7 10.82 Zend Extension Api No:   420220829
#7 11.32 checking for grep that handles long lines and -e... /usr/bin/grep
#7 11.33 checking for egrep... /usr/bin/grep -E
#7 11.33 checking for a sed that does not truncate output... /usr/bin/sed
#7 11.35 checking for pkg-config... /usr/bin/pkg-config
#7 11.35 checking pkg-config is at least version 0.9.0... yes
#7 11.35 checking for cc... cc
#7 11.38 checking whether the C compiler works... yes
#7 11.42 checking for C compiler default output file name... a.out
#7 11.43 checking for suffix of executables... 
#7 11.45 checking whether we are cross compiling... no
#7 11.49 checking for suffix of object files... o
#7 11.50 checking whether the compiler supports GNU C... yes
#7 11.52 checking whether cc accepts -g... yes
#7 11.54 checking for cc option to enable C11 features... none needed
#7 11.58 checking how to run the C preprocessor... cc -E
#7 11.62 checking for egrep -e... (cached) /usr/bin/grep -E
#7 11.62 checking for icc... no
#7 11.63 checking for suncc... no
#7 11.64 checking for system library directory... lib
#7 11.64 checking if compiler supports -Wl,-rpath,... yes
#7 11.67 checking build system type... x86_64-pc-linux-gnu
#7 11.68 checking host system type... x86_64-pc-linux-gnu
#7 11.68 checking target system type... x86_64-pc-linux-gnu
#7 11.71 checking for PHP prefix... /usr/local
#7 11.71 checking for PHP includes... -I/usr/local/include/php -I/usr/local/include/php/main -I/usr/local/include/php/TSRM -I/usr/local/include/php/Zend -I/usr/local/include/php/ext -I/usr/local/include/php/ext/date/lib
#7 11.71 checking for PHP extension directory... /usr/local/lib/php/extensions/no-debug-non-zts-20220829
#7 11.71 checking for PHP installed headers prefix... /usr/local/include/php
#7 11.71 checking if debug is enabled... no
#7 11.72 checking if zts is enabled... no
#7 11.73 checking for gawk... no
#7 11.73 checking for nawk... nawk
#7 11.73 checking if nawk is broken... no
#7 11.74 checking whether to enable PDO support... yes, shared
#7 11.75 checking for a sed that does not truncate output... /usr/bin/sed
#7 11.75 checking for ld used by cc... /usr/bin/ld
#7 11.76 checking if the linker (/usr/bin/ld) is GNU ld... yes
#7 11.76 checking for /usr/bin/ld option to reload object files... -r
#7 11.76 checking for BSD-compatible nm... /usr/bin/nm -B
#7 11.76 checking whether ln -s works... yes
#7 11.76 checking how to recognize dependent libraries... pass_all
#7 11.77 checking for stdio.h... yes
#7 11.79 checking for stdlib.h... yes
#7 11.80 checking for string.h... yes
#7 11.82 checking for inttypes.h... yes
#7 11.85 checking for stdint.h... yes
#7 11.87 checking for strings.h... yes
#7 11.89 checking for sys/stat.h... yes
#7 11.91 checking for sys/types.h... yes
#7 11.93 checking for unistd.h... yes
#7 11.95 checking for dlfcn.h... yes
#7 11.97 checking the maximum length of command line arguments... 1572864
#7 11.97 checking command to parse /usr/bin/nm -B output from cc object... ok
#7 12.03 checking for objdir... .libs
#7 12.03 checking for ar... ar
#7 12.03 checking for ranlib... ranlib
#7 12.03 checking for strip... strip
#7 12.07 checking if cc supports -fno-rtti -fno-exceptions... no
#7 12.09 checking for cc option to produce PIC... -fPIC
#7 12.09 checking if cc PIC flag -fPIC works... yes
#7 12.11 checking if cc static flag -static works... yes
#7 12.15 checking if cc supports -c -o file.o... yes
#7 12.18 checking whether the cc linker (/usr/bin/ld -m elf_x86_64) supports shared libraries... yes
#7 12.19 checking whether -lc should be explicitly linked in... no
#7 12.21 checking dynamic linker characteristics... GNU/Linux ld.so
#7 12.23 checking how to hardcode library paths into programs... immediate
#7 12.23 checking whether stripping libraries is possible... yes
#7 12.23 checking if libtool supports shared libraries... yes
#7 12.23 checking whether to build shared libraries... yes
#7 12.23 checking whether to build static libraries... no
#7 12.36 
#7 12.36 creating libtool
#7 12.37 appending configuration tag "CXX" to libtool
#7 12.43 configure: patching config.h.in
#7 12.43 configure: creating ./config.status
#7 12.47 config.status: creating config.h
#7 12.50 /bin/bash /usr/src/php/ext/pdo/libtool --tag=CC --mode=compile cc -I. -I/usr/src/php/ext/pdo -I/usr/src/php/ext/pdo/include -I/usr/src/php/ext/pdo/main -I/usr/src/php/ext/pdo -I/usr/local/include/php -I/usr/local/include/php/main -I/usr/local/include/php/TSRM -I/usr/local/include/php/Zend -I/usr/local/include/php/ext -I/usr/local/include/php/ext/date/lib  -fstack-protector-strong -fpic -fpie -O2 -D_LARGEFILE_SOURCE -D_FILE_OFFSET_BITS=64 -DHAVE_CONFIG_H  -fstack-protector-strong -fpic -fpie -O2 -D_LARGEFILE_SOURCE -D_FILE_OFFSET_BITS=64 -D_GNU_SOURCE    -DZEND_COMPILE_DL_EXT=1 -c /usr/src/php/ext/pdo/pdo.c -o pdo.lo  -MMD -MF pdo.dep -MT pdo.lo
#7 12.59 mkdir .libs
#7 12.59  cc -I. -I/usr/src/php/ext/pdo -I/usr/src/php/ext/pdo/include -I/usr/src/php/ext/pdo/main -I/usr/src/php/ext/pdo -I/usr/local/include/php -I/usr/local/include/php/main -I/usr/local/include/php/TSRM -I/usr/local/include/php/Zend -I/usr/local/include/php/ext -I/usr/local/include/php/ext/date/lib -fstack-protector-strong -fpic -fpie -O2 -D_LARGEFILE_SOURCE -D_FILE_OFFSET_BITS=64 -DHAVE_CONFIG_H -fstack-protector-strong -fpic -fpie -O2 -D_LARGEFILE_SOURCE -D_FILE_OFFSET_BITS=64 -D_GNU_SOURCE -DZEND_COMPILE_DL_EXT=1 -c /usr/src/php/ext/pdo/pdo.c -MMD -MF pdo.dep -MT pdo.lo  -fPIC -DPIC -o .libs/pdo.o
#7 12.76 /bin/bash /usr/src/php/ext/pdo/libtool --tag=CC --mode=compile cc -I. -I/usr/src/php/ext/pdo -I/usr/src/php/ext/pdo/include -I/usr/src/php/ext/pdo/main -I/usr/src/php/ext/pdo -I/usr/local/include/php -I/usr/local/include/php/main -I/usr/local/include/php/TSRM -I/usr/local/include/php/Zend -I/usr/local/include/php/ext -I/usr/local/include/php/ext/date/lib  -fstack-protector-strong -fpic -fpie -O2 -D_LARGEFILE_SOURCE -D_FILE_OFFSET_BITS=64 -DHAVE_CONFIG_H  -fstack-protector-strong -fpic -fpie -O2 -D_LARGEFILE_SOURCE -D_FILE_OFFSET_BITS=64 -D_GNU_SOURCE    -DZEND_COMPILE_DL_EXT=1 -c /usr/src/php/ext/pdo/pdo_dbh.c -o pdo_dbh.lo  -MMD -MF pdo_dbh.dep -MT pdo_dbh.lo
#7 12.85  cc -I. -I/usr/src/php/ext/pdo -I/usr/src/php/ext/pdo/include -I/usr/src/php/ext/pdo/main -I/usr/src/php/ext/pdo -I/usr/local/include/php -I/usr/local/include/php/main -I/usr/local/include/php/TSRM -I/usr/local/include/php/Zend -I/usr/local/include/php/ext -I/usr/local/include/php/ext/date/lib -fstack-protector-strong -fpic -fpie -O2 -D_LARGEFILE_SOURCE -D_FILE_OFFSET_BITS=64 -DHAVE_CONFIG_H -fstack-protector-strong -fpic -fpie -O2 -D_LARGEFILE_SOURCE -D_FILE_OFFSET_BITS=64 -D_GNU_SOURCE -DZEND_COMPILE_DL_EXT=1 -c /usr/src/php/ext/pdo/pdo_dbh.c -MMD -MF pdo_dbh.dep -MT pdo_dbh.lo  -fPIC -DPIC -o .libs/pdo_dbh.o
#7 13.39 /bin/bash /usr/src/php/ext/pdo/libtool --tag=CC --mode=compile cc -I. -I/usr/src/php/ext/pdo -I/usr/src/php/ext/pdo/include -I/usr/src/php/ext/pdo/main -I/usr/src/php/ext/pdo -I/usr/local/include/php -I/usr/local/include/php/main -I/usr/local/include/php/TSRM -I/usr/local/include/php/Zend -I/usr/local/include/php/ext -I/usr/local/include/php/ext/date/lib  -fstack-protector-strong -fpic -fpie -O2 -D_LARGEFILE_SOURCE -D_FILE_OFFSET_BITS=64 -DHAVE_CONFIG_H  -fstack-protector-strong -fpic -fpie -O2 -D_LARGEFILE_SOURCE -D_FILE_OFFSET_BITS=64 -D_GNU_SOURCE    -DZEND_COMPILE_DL_EXT=1 -c /usr/src/php/ext/pdo/pdo_stmt.c -o pdo_stmt.lo  -MMD -MF pdo_stmt.dep -MT pdo_stmt.lo
#7 13.47  cc -I. -I/usr/src/php/ext/pdo -I/usr/src/php/ext/pdo/include -I/usr/src/php/ext/pdo/main -I/usr/src/php/ext/pdo -I/usr/local/include/php -I/usr/local/include/php/main -I/usr/local/include/php/TSRM -I/usr/local/include/php/Zend -I/usr/local/include/php/ext -I/usr/local/include/php/ext/date/lib -fstack-protector-strong -fpic -fpie -O2 -D_LARGEFILE_SOURCE -D_FILE_OFFSET_BITS=64 -DHAVE_CONFIG_H -fstack-protector-strong -fpic -fpie -O2 -D_LARGEFILE_SOURCE -D_FILE_OFFSET_BITS=64 -D_GNU_SOURCE -DZEND_COMPILE_DL_EXT=1 -c /usr/src/php/ext/pdo/pdo_stmt.c -MMD -MF pdo_stmt.dep -MT pdo_stmt.lo  -fPIC -DPIC -o .libs/pdo_stmt.o
#7 14.13 /bin/bash /usr/src/php/ext/pdo/libtool --tag=CC --mode=compile cc -I. -I/usr/src/php/ext/pdo -I/usr/src/php/ext/pdo/include -I/usr/src/php/ext/pdo/main -I/usr/src/php/ext/pdo -I/usr/local/include/php -I/usr/local/include/php/main -I/usr/local/include/php/TSRM -I/usr/local/include/php/Zend -I/usr/local/include/php/ext -I/usr/local/include/php/ext/date/lib  -fstack-protector-strong -fpic -fpie -O2 -D_LARGEFILE_SOURCE -D_FILE_OFFSET_BITS=64 -DHAVE_CONFIG_H  -fstack-protector-strong -fpic -fpie -O2 -D_LARGEFILE_SOURCE -D_FILE_OFFSET_BITS=64 -D_GNU_SOURCE    -DZEND_COMPILE_DL_EXT=1 -c /usr/src/php/ext/pdo/pdo_sql_parser.c -o pdo_sql_parser.lo  -MMD -MF pdo_sql_parser.dep -MT pdo_sql_parser.lo
#7 14.21  cc -I. -I/usr/src/php/ext/pdo -I/usr/src/php/ext/pdo/include -I/usr/src/php/ext/pdo/main -I/usr/src/php/ext/pdo -I/usr/local/include/php -I/usr/local/include/php/main -I/usr/local/include/php/TSRM -I/usr/local/include/php/Zend -I/usr/local/include/php/ext -I/usr/local/include/php/ext/date/lib -fstack-protector-strong -fpic -fpie -O2 -D_LARGEFILE_SOURCE -D_FILE_OFFSET_BITS=64 -DHAVE_CONFIG_H -fstack-protector-strong -fpic -fpie -O2 -D_LARGEFILE_SOURCE -D_FILE_OFFSET_BITS=64 -D_GNU_SOURCE -DZEND_COMPILE_DL_EXT=1 -c /usr/src/php/ext/pdo/pdo_sql_parser.c -MMD -MF pdo_sql_parser.dep -MT pdo_sql_parser.lo  -fPIC -DPIC -o .libs/pdo_sql_parser.o
#7 14.40 /bin/bash /usr/src/php/ext/pdo/libtool --tag=CC --mode=compile cc -I. -I/usr/src/php/ext/pdo -I/usr/src/php/ext/pdo/include -I/usr/src/php/ext/pdo/main -I/usr/src/php/ext/pdo -I/usr/local/include/php -I/usr/local/include/php/main -I/usr/local/include/php/TSRM -I/usr/local/include/php/Zend -I/usr/local/include/php/ext -I/usr/local/include/php/ext/date/lib  -fstack-protector-strong -fpic -fpie -O2 -D_LARGEFILE_SOURCE -D_FILE_OFFSET_BITS=64 -DHAVE_CONFIG_H  -fstack-protector-strong -fpic -fpie -O2 -D_LARGEFILE_SOURCE -D_FILE_OFFSET_BITS=64 -D_GNU_SOURCE    -DZEND_COMPILE_DL_EXT=1 -c /usr/src/php/ext/pdo/pdo_sqlstate.c -o pdo_sqlstate.lo  -MMD -MF pdo_sqlstate.dep -MT pdo_sqlstate.lo
#7 14.48  cc -I. -I/usr/src/php/ext/pdo -I/usr/src/php/ext/pdo/include -I/usr/src/php/ext/pdo/main -I/usr/src/php/ext/pdo -I/usr/local/include/php -I/usr/local/include/php/main -I/usr/local/include/php/TSRM -I/usr/local/include/php/Zend -I/usr/local/include/php/ext -I/usr/local/include/php/ext/date/lib -fstack-protector-strong -fpic -fpie -O2 -D_LARGEFILE_SOURCE -D_FILE_OFFSET_BITS=64 -DHAVE_CONFIG_H -fstack-protector-strong -fpic -fpie -O2 -D_LARGEFILE_SOURCE -D_FILE_OFFSET_BITS=64 -D_GNU_SOURCE -DZEND_COMPILE_DL_EXT=1 -c /usr/src/php/ext/pdo/pdo_sqlstate.c -MMD -MF pdo_sqlstate.dep -MT pdo_sqlstate.lo  -fPIC -DPIC -o .libs/pdo_sqlstate.o
#7 14.60 /bin/bash /usr/src/php/ext/pdo/libtool --tag=CC --mode=link cc -shared -I/usr/src/php/ext/pdo/include -I/usr/src/php/ext/pdo/main -I/usr/src/php/ext/pdo -I/usr/local/include/php -I/usr/local/include/php/main -I/usr/local/include/php/TSRM -I/usr/local/include/php/Zend -I/usr/local/include/php/ext -I/usr/local/include/php/ext/date/lib  -fstack-protector-strong -fpic -fpie -O2 -D_LARGEFILE_SOURCE -D_FILE_OFFSET_BITS=64 -DHAVE_CONFIG_H  -fstack-protector-strong -fpic -fpie -O2 -D_LARGEFILE_SOURCE -D_FILE_OFFSET_BITS=64 -D_GNU_SOURCE  -Wl,-O1 -pie  -o pdo.la -export-dynamic -avoid-version -prefer-pic -module -rpath /usr/src/php/ext/pdo/modules  pdo.lo pdo_dbh.lo pdo_stmt.lo pdo_sql_parser.lo pdo_sqlstate.lo 
#7 14.69 cc -shared  .libs/pdo.o .libs/pdo_dbh.o .libs/pdo_stmt.o .libs/pdo_sql_parser.o .libs/pdo_sqlstate.o   -Wl,-O1 -Wl,-soname -Wl,pdo.so -o .libs/pdo.so
#7 14.70 creating pdo.la
#7 14.71 (cd .libs && rm -f pdo.la && ln -s ../pdo.la pdo.la)
#7 14.71 /bin/bash /usr/src/php/ext/pdo/libtool --tag=CC --mode=install cp ./pdo.la /usr/src/php/ext/pdo/modules
#7 14.73 cp ./.libs/pdo.so /usr/src/php/ext/pdo/modules/pdo.so
#7 14.74 cp ./.libs/pdo.lai /usr/src/php/ext/pdo/modules/pdo.la
#7 14.75 PATH="$PATH:/sbin" ldconfig -n /usr/src/php/ext/pdo/modules
#7 14.75 ----------------------------------------------------------------------
#7 14.75 Libraries have been installed in:
#7 14.75    /usr/src/php/ext/pdo/modules
#7 14.75 
#7 14.75 If you ever happen to want to link against installed libraries
#7 14.75 in a given directory, LIBDIR, you must either use libtool, and
#7 14.75 specify the full pathname of the library, or use the `-LLIBDIR'
#7 14.75 flag during linking and do at least one of the following:
#7 14.75    - add LIBDIR to the `LD_LIBRARY_PATH' environment variable
#7 14.75      during execution
#7 14.75    - add LIBDIR to the `LD_RUN_PATH' environment variable
#7 14.75      during linking
#7 14.75    - use the `-Wl,--rpath -Wl,LIBDIR' linker flag
#7 14.75    - have your system administrator add LIBDIR to `/etc/ld.so.conf'
#7 14.75 
#7 14.75 See any operating system documentation about shared libraries for
#7 14.75 more information, such as the ld(1) and ld.so(8) manual pages.
#7 14.75 ----------------------------------------------------------------------
#7 14.75 
#7 14.76 Build complete.
#7 14.76 Don't forget to run 'make test'.
#7 14.76 
#7 14.77 + strip --strip-all modules/pdo.so
#7 14.79 Installing shared extensions:     /usr/local/lib/php/extensions/no-debug-non-zts-20220829/
#7 14.89 Installing header files:          /usr/local/include/php/
#7 14.96 Installing PDO headers:           /usr/local/include/php/ext/pdo/
#7 15.08 
#7 15.08 warning: pdo (pdo) is already loaded!
#7 15.08 
#7 15.08 find . -name \*.gcno -o -name \*.gcda | xargs rm -f
#7 15.09 find . -name \*.lo -o -name \*.o -o -name \*.dep | xargs rm -f
#7 15.09 find . -name \*.la -o -name \*.a | xargs rm -f
#7 15.10 find . -name \*.so | xargs rm -f
#7 15.10 find . -name .libs -a -type d|xargs rm -rf
#7 15.10 rm -f libphp.la      modules/* libs/*
#7 15.10 rm -f ext/opcache/jit/zend_jit_x86.c
#7 15.11 rm -f ext/opcache/jit/zend_jit_arm64.c
#7 15.11 rm -f ext/opcache/minilua
#7 15.13 Configuring for:
#7 15.13 PHP Api Version:         20220829
#7 15.13 Zend Module Api No:      20220829
#7 15.13 Zend Extension Api No:   420220829
#7 15.66 checking for grep that handles long lines and -e... /usr/bin/grep
#7 15.66 checking for egrep... /usr/bin/grep -E
#7 15.66 checking for a sed that does not truncate output... /usr/bin/sed
#7 15.69 checking for pkg-config... /usr/bin/pkg-config
#7 15.69 checking pkg-config is at least version 0.9.0... yes
#7 15.69 checking for cc... cc
#7 15.71 checking whether the C compiler works... yes
#7 15.74 checking for C compiler default output file name... a.out
#7 15.74 checking for suffix of executables... 
#7 15.77 checking whether we are cross compiling... no
#7 15.80 checking for suffix of object files... o
#7 15.82 checking whether the compiler supports GNU C... yes
#7 15.84 checking whether cc accepts -g... yes
#7 15.85 checking for cc option to enable C11 features... none needed
#7 15.89 checking how to run the C preprocessor... cc -E
#7 15.94 checking for egrep -e... (cached) /usr/bin/grep -E
#7 15.94 checking for icc... no
#7 15.95 checking for suncc... no
#7 15.95 checking for system library directory... lib
#7 15.95 checking if compiler supports -Wl,-rpath,... yes
#7 15.99 checking build system type... x86_64-pc-linux-gnu
#7 15.99 checking host system type... x86_64-pc-linux-gnu
#7 15.99 checking target system type... x86_64-pc-linux-gnu
#7 16.03 checking for PHP prefix... /usr/local
#7 16.03 checking for PHP includes... -I/usr/local/include/php -I/usr/local/include/php/main -I/usr/local/include/php/TSRM -I/usr/local/include/php/Zend -I/usr/local/include/php/ext -I/usr/local/include/php/ext/date/lib
#7 16.03 checking for PHP extension directory... /usr/local/lib/php/extensions/no-debug-non-zts-20220829
#7 16.03 checking for PHP installed headers prefix... /usr/local/include/php
#7 16.03 checking if debug is enabled... no
#7 16.04 checking if zts is enabled... no
#7 16.05 checking for gawk... no
#7 16.05 checking for nawk... nawk
#7 16.05 checking if nawk is broken... no
#7 16.06 checking for MySQL support for PDO... yes, shared
#7 16.06 checking for the location of libz... no
#7 16.06 checking for MySQL UNIX socket location... 
#7 16.06 checking for PDO includes... /usr/local/include/php/ext
#7 16.06 checking for a sed that does not truncate output... /usr/bin/sed
#7 16.06 checking for ld used by cc... /usr/bin/ld
#7 16.07 checking if the linker (/usr/bin/ld) is GNU ld... yes
#7 16.07 checking for /usr/bin/ld option to reload object files... -r
#7 16.07 checking for BSD-compatible nm... /usr/bin/nm -B
#7 16.07 checking whether ln -s works... yes
#7 16.07 checking how to recognize dependent libraries... pass_all
#7 16.08 checking for stdio.h... yes
#7 16.10 checking for stdlib.h... yes
#7 16.12 checking for string.h... yes
#7 16.14 checking for inttypes.h... yes
#7 16.16 checking for stdint.h... yes
#7 16.17 checking for strings.h... yes
#7 16.19 checking for sys/stat.h... yes
#7 16.21 checking for sys/types.h... yes
#7 16.23 checking for unistd.h... yes
#7 16.25 checking for dlfcn.h... yes
#7 16.27 checking the maximum length of command line arguments... 1572864
#7 16.27 checking command to parse /usr/bin/nm -B output from cc object... ok
#7 16.33 checking for objdir... .libs
#7 16.33 checking for ar... ar
#7 16.33 checking for ranlib... ranlib
#7 16.33 checking for strip... strip
#7 16.37 checking if cc supports -fno-rtti -fno-exceptions... no
#7 16.39 checking for cc option to produce PIC... -fPIC
#7 16.39 checking if cc PIC flag -fPIC works... yes
#7 16.41 checking if cc static flag -static works... yes
#7 16.46 checking if cc supports -c -o file.o... yes
#7 16.48 checking whether the cc linker (/usr/bin/ld -m elf_x86_64) supports shared libraries... yes
#7 16.49 checking whether -lc should be explicitly linked in... no
#7 16.51 checking dynamic linker characteristics... GNU/Linux ld.so
#7 16.53 checking how to hardcode library paths into programs... immediate
#7 16.53 checking whether stripping libraries is possible... yes
#7 16.53 checking if libtool supports shared libraries... yes
#7 16.53 checking whether to build shared libraries... yes
#7 16.53 checking whether to build static libraries... no
#7 16.66 
#7 16.66 creating libtool
#7 16.68 appending configuration tag "CXX" to libtool
#7 16.73 configure: patching config.h.in
#7 16.73 configure: creating ./config.status
#7 16.78 config.status: creating config.h
#7 16.81 /bin/bash /usr/src/php/ext/pdo_mysql/libtool --tag=CC --mode=compile cc -I. -I/usr/src/php/ext/pdo_mysql -I/usr/src/php/ext/pdo_mysql/include -I/usr/src/php/ext/pdo_mysql/main -I/usr/src/php/ext/pdo_mysql -I/usr/local/include/php -I/usr/local/include/php/main -I/usr/local/include/php/TSRM -I/usr/local/include/php/Zend -I/usr/local/include/php/ext -I/usr/local/include/php/ext/date/lib  -fstack-protector-strong -fpic -fpie -O2 -D_LARGEFILE_SOURCE -D_FILE_OFFSET_BITS=64 -DHAVE_CONFIG_H  -fstack-protector-strong -fpic -fpie -O2 -D_LARGEFILE_SOURCE -D_FILE_OFFSET_BITS=64 -D_GNU_SOURCE   -I/usr/local/include/php/ext -DZEND_ENABLE_STATIC_TSRMLS_CACHE=1 -DZEND_COMPILE_DL_EXT=1 -c /usr/src/php/ext/pdo_mysql/pdo_mysql.c -o pdo_mysql.lo  -MMD -MF pdo_mysql.dep -MT pdo_mysql.lo
#7 16.89 mkdir .libs
#7 16.89  cc -I. -I/usr/src/php/ext/pdo_mysql -I/usr/src/php/ext/pdo_mysql/include -I/usr/src/php/ext/pdo_mysql/main -I/usr/src/php/ext/pdo_mysql -I/usr/local/include/php -I/usr/local/include/php/main -I/usr/local/include/php/TSRM -I/usr/local/include/php/Zend -I/usr/local/include/php/ext -I/usr/local/include/php/ext/date/lib -fstack-protector-strong -fpic -fpie -O2 -D_LARGEFILE_SOURCE -D_FILE_OFFSET_BITS=64 -DHAVE_CONFIG_H -fstack-protector-strong -fpic -fpie -O2 -D_LARGEFILE_SOURCE -D_FILE_OFFSET_BITS=64 -D_GNU_SOURCE -I/usr/local/include/php/ext -DZEND_ENABLE_STATIC_TSRMLS_CACHE=1 -DZEND_COMPILE_DL_EXT=1 -c /usr/src/php/ext/pdo_mysql/pdo_mysql.c -MMD -MF pdo_mysql.dep -MT pdo_mysql.lo  -fPIC -DPIC -o .libs/pdo_mysql.o
#7 16.99 /bin/bash /usr/src/php/ext/pdo_mysql/libtool --tag=CC --mode=compile cc -I. -I/usr/src/php/ext/pdo_mysql -I/usr/src/php/ext/pdo_mysql/include -I/usr/src/php/ext/pdo_mysql/main -I/usr/src/php/ext/pdo_mysql -I/usr/local/include/php -I/usr/local/include/php/main -I/usr/local/include/php/TSRM -I/usr/local/include/php/Zend -I/usr/local/include/php/ext -I/usr/local/include/php/ext/date/lib  -fstack-protector-strong -fpic -fpie -O2 -D_LARGEFILE_SOURCE -D_FILE_OFFSET_BITS=64 -DHAVE_CONFIG_H  -fstack-protector-strong -fpic -fpie -O2 -D_LARGEFILE_SOURCE -D_FILE_OFFSET_BITS=64 -D_GNU_SOURCE   -I/usr/local/include/php/ext -DZEND_ENABLE_STATIC_TSRMLS_CACHE=1 -DZEND_COMPILE_DL_EXT=1 -c /usr/src/php/ext/pdo_mysql/mysql_driver.c -o mysql_driver.lo  -MMD -MF mysql_driver.dep -MT mysql_driver.lo
#7 17.08  cc -I. -I/usr/src/php/ext/pdo_mysql -I/usr/src/php/ext/pdo_mysql/include -I/usr/src/php/ext/pdo_mysql/main -I/usr/src/php/ext/pdo_mysql -I/usr/local/include/php -I/usr/local/include/php/main -I/usr/local/include/php/TSRM -I/usr/local/include/php/Zend -I/usr/local/include/php/ext -I/usr/local/include/php/ext/date/lib -fstack-protector-strong -fpic -fpie -O2 -D_LARGEFILE_SOURCE -D_FILE_OFFSET_BITS=64 -DHAVE_CONFIG_H -fstack-protector-strong -fpic -fpie -O2 -D_LARGEFILE_SOURCE -D_FILE_OFFSET_BITS=64 -D_GNU_SOURCE -I/usr/local/include/php/ext -DZEND_ENABLE_STATIC_TSRMLS_CACHE=1 -DZEND_COMPILE_DL_EXT=1 -c /usr/src/php/ext/pdo_mysql/mysql_driver.c -MMD -MF mysql_driver.dep -MT mysql_driver.lo  -fPIC -DPIC -o .libs/mysql_driver.o
#7 17.35 /bin/bash /usr/src/php/ext/pdo_mysql/libtool --tag=CC --mode=compile cc -I. -I/usr/src/php/ext/pdo_mysql -I/usr/src/php/ext/pdo_mysql/include -I/usr/src/php/ext/pdo_mysql/main -I/usr/src/php/ext/pdo_mysql -I/usr/local/include/php -I/usr/local/include/php/main -I/usr/local/include/php/TSRM -I/usr/local/include/php/Zend -I/usr/local/include/php/ext -I/usr/local/include/php/ext/date/lib  -fstack-protector-strong -fpic -fpie -O2 -D_LARGEFILE_SOURCE -D_FILE_OFFSET_BITS=64 -DHAVE_CONFIG_H  -fstack-protector-strong -fpic -fpie -O2 -D_LARGEFILE_SOURCE -D_FILE_OFFSET_BITS=64 -D_GNU_SOURCE   -I/usr/local/include/php/ext -DZEND_ENABLE_STATIC_TSRMLS_CACHE=1 -DZEND_COMPILE_DL_EXT=1 -c /usr/src/php/ext/pdo_mysql/mysql_statement.c -o mysql_statement.lo  -MMD -MF mysql_statement.dep -MT mysql_statement.lo
#7 17.44  cc -I. -I/usr/src/php/ext/pdo_mysql -I/usr/src/php/ext/pdo_mysql/include -I/usr/src/php/ext/pdo_mysql/main -I/usr/src/php/ext/pdo_mysql -I/usr/local/include/php -I/usr/local/include/php/main -I/usr/local/include/php/TSRM -I/usr/local/include/php/Zend -I/usr/local/include/php/ext -I/usr/local/include/php/ext/date/lib -fstack-protector-strong -fpic -fpie -O2 -D_LARGEFILE_SOURCE -D_FILE_OFFSET_BITS=64 -DHAVE_CONFIG_H -fstack-protector-strong -fpic -fpie -O2 -D_LARGEFILE_SOURCE -D_FILE_OFFSET_BITS=64 -D_GNU_SOURCE -I/usr/local/include/php/ext -DZEND_ENABLE_STATIC_TSRMLS_CACHE=1 -DZEND_COMPILE_DL_EXT=1 -c /usr/src/php/ext/pdo_mysql/mysql_statement.c -MMD -MF mysql_statement.dep -MT mysql_statement.lo  -fPIC -DPIC -o .libs/mysql_statement.o
#7 17.61 /bin/bash /usr/src/php/ext/pdo_mysql/libtool --tag=CC --mode=link cc -shared -I/usr/src/php/ext/pdo_mysql/include -I/usr/src/php/ext/pdo_mysql/main -I/usr/src/php/ext/pdo_mysql -I/usr/local/include/php -I/usr/local/include/php/main -I/usr/local/include/php/TSRM -I/usr/local/include/php/Zend -I/usr/local/include/php/ext -I/usr/local/include/php/ext/date/lib  -fstack-protector-strong -fpic -fpie -O2 -D_LARGEFILE_SOURCE -D_FILE_OFFSET_BITS=64 -DHAVE_CONFIG_H  -fstack-protector-strong -fpic -fpie -O2 -D_LARGEFILE_SOURCE -D_FILE_OFFSET_BITS=64 -D_GNU_SOURCE  -Wl,-O1 -pie  -o pdo_mysql.la -export-dynamic -avoid-version -prefer-pic -module -rpath /usr/src/php/ext/pdo_mysql/modules  pdo_mysql.lo mysql_driver.lo mysql_statement.lo 
#7 17.69 cc -shared  .libs/pdo_mysql.o .libs/mysql_driver.o .libs/mysql_statement.o   -Wl,-O1 -Wl,-soname -Wl,pdo_mysql.so -o .libs/pdo_mysql.so
#7 17.70 creating pdo_mysql.la
#7 17.71 (cd .libs && rm -f pdo_mysql.la && ln -s ../pdo_mysql.la pdo_mysql.la)
#7 17.71 /bin/bash /usr/src/php/ext/pdo_mysql/libtool --tag=CC --mode=install cp ./pdo_mysql.la /usr/src/php/ext/pdo_mysql/modules
#7 17.74 cp ./.libs/pdo_mysql.so /usr/src/php/ext/pdo_mysql/modules/pdo_mysql.so
#7 17.74 cp ./.libs/pdo_mysql.lai /usr/src/php/ext/pdo_mysql/modules/pdo_mysql.la
#7 17.76 PATH="$PATH:/sbin" ldconfig -n /usr/src/php/ext/pdo_mysql/modules
#7 17.76 ----------------------------------------------------------------------
#7 17.76 Libraries have been installed in:
#7 17.76    /usr/src/php/ext/pdo_mysql/modules
#7 17.76 
#7 17.76 If you ever happen to want to link against installed libraries
#7 17.76 in a given directory, LIBDIR, you must either use libtool, and
#7 17.76 specify the full pathname of the library, or use the `-LLIBDIR'
#7 17.76 flag during linking and do at least one of the following:
#7 17.76    - add LIBDIR to the `LD_LIBRARY_PATH' environment variable
#7 17.76      during execution
#7 17.76    - add LIBDIR to the `LD_RUN_PATH' environment variable
#7 17.76      during linking
#7 17.76    - use the `-Wl,--rpath -Wl,LIBDIR' linker flag
#7 17.76    - have your system administrator add LIBDIR to `/etc/ld.so.conf'
#7 17.76 
#7 17.76 See any operating system documentation about shared libraries for
#7 17.76 more information, such as the ld(1) and ld.so(8) manual pages.
#7 17.76 ----------------------------------------------------------------------
#7 17.76 
#7 17.76 Build complete.
#7 17.76 Don't forget to run 'make test'.
#7 17.76 
#7 17.78 + strip --strip-all modules/pdo_mysql.so
#7 17.80 Installing shared extensions:     /usr/local/lib/php/extensions/no-debug-non-zts-20220829/
#7 17.86 find . -name \*.gcno -o -name \*.gcda | xargs rm -f
#7 17.87 find . -name \*.lo -o -name \*.o -o -name \*.dep | xargs rm -f
#7 17.87 find . -name \*.la -o -name \*.a | xargs rm -f
#7 17.88 find . -name \*.so | xargs rm -f
#7 17.88 find . -name .libs -a -type d|xargs rm -rf
#7 17.88 rm -f libphp.la      modules/* libs/*
#7 17.89 rm -f ext/opcache/jit/zend_jit_x86.c
#7 17.89 rm -f ext/opcache/jit/zend_jit_arm64.c
#7 17.89 rm -f ext/opcache/minilua
#7 17.91 Cannot find config.m4. 
#7 17.91 Make sure that you run '/usr/local/bin/phpize' in the top level source directory of the module
#7 17.91 
#7 ERROR: process "/bin/sh -c docker-php-ext-install curl mysqli pdo pdo_mysql sqlite3 pdo_sqlite" did not complete successfully: exit code: 1
------
 > [3/8] RUN docker-php-ext-install curl mysqli pdo pdo_mysql sqlite3 pdo_sqlite:
17.87 find . -name \*.la -o -name \*.a | xargs rm -f
17.88 find . -name \*.so | xargs rm -f
17.88 find . -name .libs -a -type d|xargs rm -rf
17.88 rm -f libphp.la      modules/* libs/*
17.89 rm -f ext/opcache/jit/zend_jit_x86.c
17.89 rm -f ext/opcache/jit/zend_jit_arm64.c
17.89 rm -f ext/opcache/minilua
17.91 Cannot find config.m4. 
17.91 Make sure that you run '/usr/local/bin/phpize' in the top level source directory of the module
17.91 
------
Dockerfile:7
--------------------
   5 |         && rm -rf /var/lib/apt/lists/*
   6 |     
   7 | >>> RUN docker-php-ext-install curl mysqli pdo pdo_mysql sqlite3 pdo_sqlite
   8 |     
   9 |     RUN a2enmod rewrite
--------------------
ERROR: failed to build: failed to solve: process "/bin/sh -c docker-php-ext-install curl mysqli pdo pdo_mysql sqlite3 pdo_sqlite" did not complete successfully: exit code: 1

View build details: docker-desktop://dashboard/build/desktop-linux/desktop-linux/akal5z0ekk243wcig22xd1pox
